<?xml version="1.0" ?>
<!DOCTYPE coverage SYSTEM "http://cobertura.sourceforge.net/xml/coverage-04.dtd">
<coverage lines-valid="2261" lines-covered="1606" line-rate="0.7103" branches-valid="2031" branches-covered="1328" branch-rate="0.6537999999999999" timestamp="1788325908591" complexity="0" version="0.1">
  <sources>
    <source>/home/runner/work/Rentora/Rentora/frontend</source>
  </sources>
  <packages>
    <package name="components.AdminAnalyticsPanel" line-rate="0" branch-rate="0">
      <classes>
        <class name="AdminAnalyticsPanel.tsx" filename="src/components/AdminAnalyticsPanel/AdminAnalyticsPanel.tsx" line-rate="0" branch-rate="0">
          <methods>
            <method name="StepRow" hits="0" signature="()V">
              <lines>
                <line number="13" hits="0"/>
              </lines>
            </method>
            <method name="AdminAnalyticsPanel" hits="0" signature="()V">
              <lines>
                <line number="44" hits="0"/>
              </lines>
            </method>
            <method name="(anonymous_2)" hits="0" signature="()V">
              <lines>
                <line number="59" hits="0"/>
              </lines>
            </method>
            <method name="(anonymous_3)" hits="0" signature="()V">
              <lines>
                <line number="82" hits="0"/>
              </lines>
            </method>
            <method name="(anonymous_4)" hits="0" signature="()V">
              <lines>
                <line number="103" hits="0"/>
              </lines>
            </method>
            <method name="(anonymous_5)" hits="0" signature="()V">
              <lines>
                <line number="124" hits="0"/>
              </lines>
            </method>
            <method name="(anonymous_6)" hits="0" signature="()V">
              <lines>
                <line number="141" hits="0"/>
              </lines>
            </method>
          </methods>
          <lines>
            <line number="24" hits="0" branch="true" condition-coverage="0% (0/4)"/>
            <line number="25" hits="0" branch="false"/>
            <line number="26" hits="0" branch="false"/>
            <line number="45" hits="0" branch="false"/>
            <line number="47" hits="0" branch="true" condition-coverage="0% (0/2)"/>
            <line number="48" hits="0" branch="false"/>
            <line number="55" hits="0" branch="true" condition-coverage="0% (0/4)"/>
            <line number="56" hits="0" branch="false"/>
            <line number="59" hits="0" branch="false"/>
            <line number="66" hits="0" branch="false"/>
            <line number="67" hits="0" branch="false"/>
            <line number="83" hits="0" branch="false"/>
            <line number="104" hits="0" branch="false"/>
            <line number="125" hits="0" branch="false"/>
            <line number="142" hits="0" branch="false"/>
          </lines>
        </class>
      </classes>
    </package>
    <package name="components.AdminDisputesPanel" line-rate="0.909" branch-rate="0.7095999999999999">
      <classes>
        <class name="AdminDisputesPanel.tsx" filename="src/components/AdminDisputesPanel/AdminDisputesPanel.tsx" line-rate="0.909" branch-rate="0.7095999999999999">
          <methods>
            <method name="DisputeAdminCard" hits="31" signature="()V">
              <lines>
                <line number="46" hits="31"/>
              </lines>
            </method>
            <method name="(anonymous_1)" hits="31" signature="()V">
              <lines>
                <line number="97" hits="31"/>
              </lines>
            </method>
            <method name="(anonymous_2)" hits="1" signature="()V">
              <lines>
                <line number="118" hits="1"/>
              </lines>
            </method>
            <method name="(anonymous_3)" hits="124" signature="()V">
              <lines>
                <line number="123" hits="124"/>
              </lines>
            </method>
            <method name="(anonymous_4)" hits="1" signature="()V">
              <lines>
                <line number="135" hits="1"/>
              </lines>
            </method>
            <method name="(anonymous_5)" hits="1" signature="()V">
              <lines>
                <line number="145" hits="1"/>
              </lines>
            </method>
            <method name="(anonymous_6)" hits="124" signature="()V">
              <lines>
                <line number="150" hits="124"/>
              </lines>
            </method>
            <method name="(anonymous_7)" hits="0" signature="()V">
              <lines>
                <line number="161" hits="0"/>
              </lines>
            </method>
            <method name="(anonymous_8)" hits="25" signature="()V">
              <lines>
                <line number="168" hits="25"/>
              </lines>
            </method>
            <method name="(anonymous_9)" hits="1" signature="()V">
              <lines>
                <line number="177" hits="1"/>
              </lines>
            </method>
            <method name="(anonymous_10)" hits="1" signature="()V">
              <lines>
                <line number="195" hits="1"/>
              </lines>
            </method>
            <method name="AdminDisputesPanel" hits="5" signature="()V">
              <lines>
                <line number="205" hits="5"/>
              </lines>
            </method>
            <method name="(anonymous_12)" hits="3" signature="()V">
              <lines>
                <line number="210" hits="3"/>
              </lines>
            </method>
            <method name="(anonymous_13)" hits="40" signature="()V">
              <lines>
                <line number="233" hits="40"/>
              </lines>
            </method>
            <method name="(anonymous_14)" hits="0" signature="()V">
              <lines>
                <line number="237" hits="0"/>
              </lines>
            </method>
            <method name="(anonymous_15)" hits="4" signature="()V">
              <lines>
                <line number="260" hits="4"/>
              </lines>
            </method>
            <method name="(anonymous_16)" hits="3" signature="()V">
              <lines>
                <line number="265" hits="3"/>
              </lines>
            </method>
          </methods>
          <lines>
            <line number="11" hits="2" branch="false"/>
            <line number="22" hits="2" branch="false"/>
            <line number="32" hits="2" branch="false"/>
            <line number="39" hits="2" branch="false"/>
            <line number="61" hits="31" branch="false"/>
            <line number="62" hits="31" branch="false"/>
            <line number="63" hits="31" branch="false"/>
            <line number="64" hits="31" branch="false"/>
            <line number="65" hits="31" branch="false"/>
            <line number="67" hits="31" branch="false"/>
            <line number="98" hits="31" branch="false"/>
            <line number="118" hits="1" branch="false"/>
            <line number="124" hits="124" branch="false"/>
            <line number="135" hits="1" branch="false"/>
            <line number="145" hits="1" branch="false"/>
            <line number="151" hits="124" branch="false"/>
            <line number="161" hits="0" branch="false"/>
            <line number="168" hits="25" branch="false"/>
            <line number="178" hits="1" branch="false"/>
            <line number="195" hits="1" branch="false"/>
            <line number="206" hits="5" branch="false"/>
            <line number="207" hits="5" branch="true" condition-coverage="100% (1/1)"/>
            <line number="208" hits="5" branch="false"/>
            <line number="210" hits="5" branch="false"/>
            <line number="211" hits="3" branch="false"/>
            <line number="212" hits="3" branch="false"/>
            <line number="213" hits="3" branch="false"/>
            <line number="215" hits="0" branch="false"/>
            <line number="219" hits="5" branch="false"/>
            <line number="234" hits="40" branch="false"/>
            <line number="237" hits="0" branch="false"/>
            <line number="261" hits="4" branch="false"/>
            <line number="265" hits="3" branch="false"/>
          </lines>
        </class>
      </classes>
    </package>
    <package name="components.AdminKycPanel" line-rate="0.6288" branch-rate="0.5075999999999999">
      <classes>
        <class name="AdminKycPanel.tsx" filename="src/components/AdminKycPanel/AdminKycPanel.tsx" line-rate="0.6288" branch-rate="0.5075999999999999">
          <methods>
            <method name="formatWhen" hits="1" signature="()V">
              <lines>
                <line number="39" hits="1"/>
              </lines>
            </method>
            <method name="SlaStats" hits="5" signature="()V">
              <lines>
                <line number="51" hits="5"/>
              </lines>
            </method>
            <method name="(anonymous_2)" hits="2" signature="()V">
              <lines>
                <line number="103" hits="2"/>
              </lines>
            </method>
            <method name="(anonymous_3)" hits="15" signature="()V">
              <lines>
                <line number="120" hits="15"/>
              </lines>
            </method>
            <method name="TrendChart" hits="1" signature="()V">
              <lines>
                <line number="144" hits="1"/>
              </lines>
            </method>
            <method name="(anonymous_5)" hits="30" signature="()V">
              <lines>
                <line number="151" hits="30"/>
              </lines>
            </method>
            <method name="(anonymous_6)" hits="30" signature="()V">
              <lines>
                <line number="152" hits="30"/>
              </lines>
            </method>
            <method name="(anonymous_7)" hits="15" signature="()V">
              <lines>
                <line number="156" hits="15"/>
              </lines>
            </method>
            <method name="(anonymous_8)" hits="60" signature="()V">
              <lines>
                <line number="157" hits="60"/>
              </lines>
            </method>
            <method name="(anonymous_9)" hits="30" signature="()V">
              <lines>
                <line number="161" hits="30"/>
              </lines>
            </method>
            <method name="(anonymous_10)" hits="30" signature="()V">
              <lines>
                <line number="166" hits="30"/>
              </lines>
            </method>
            <method name="(anonymous_11)" hits="30" signature="()V">
              <lines>
                <line number="170" hits="30"/>
              </lines>
            </method>
            <method name="(anonymous_12)" hits="4" signature="()V">
              <lines>
                <line number="190" hits="4"/>
              </lines>
            </method>
            <method name="(anonymous_13)" hits="30" signature="()V">
              <lines>
                <line number="207" hits="30"/>
              </lines>
            </method>
            <method name="(anonymous_14)" hits="7" signature="()V">
              <lines>
                <line number="233" hits="7"/>
              </lines>
            </method>
            <method name="formatHours" hits="15" signature="()V">
              <lines>
                <line number="253" hits="15"/>
              </lines>
            </method>
            <method name="HistoryView" hits="1" signature="()V">
              <lines>
                <line number="259" hits="1"/>
              </lines>
            </method>
            <method name="(anonymous_17)" hits="1" signature="()V">
              <lines>
                <line number="296" hits="1"/>
              </lines>
            </method>
            <method name="TenantKycQueue" hits="0" signature="()V">
              <lines>
                <line number="345" hits="0"/>
              </lines>
            </method>
            <method name="(anonymous_19)" hits="0" signature="()V">
              <lines>
                <line number="350" hits="0"/>
              </lines>
            </method>
            <method name="(anonymous_20)" hits="0" signature="()V">
              <lines>
                <line number="360" hits="0"/>
              </lines>
            </method>
            <method name="(anonymous_21)" hits="0" signature="()V">
              <lines>
                <line number="366" hits="0"/>
              </lines>
            </method>
            <method name="(anonymous_22)" hits="0" signature="()V">
              <lines>
                <line number="389" hits="0"/>
              </lines>
            </method>
            <method name="TenantKycCard" hits="0" signature="()V">
              <lines>
                <line number="405" hits="0"/>
              </lines>
            </method>
            <method name="(anonymous_24)" hits="0" signature="()V">
              <lines>
                <line number="446" hits="0"/>
              </lines>
            </method>
            <method name="(anonymous_25)" hits="0" signature="()V">
              <lines>
                <line number="456" hits="0"/>
              </lines>
            </method>
            <method name="(anonymous_26)" hits="0" signature="()V">
              <lines>
                <line number="465" hits="0"/>
              </lines>
            </method>
            <method name="(anonymous_27)" hits="0" signature="()V">
              <lines>
                <line number="510" hits="0"/>
              </lines>
            </method>
            <method name="(anonymous_28)" hits="0" signature="()V">
              <lines>
                <line number="524" hits="0"/>
              </lines>
            </method>
            <method name="(anonymous_29)" hits="0" signature="()V">
              <lines>
                <line number="524" hits="0"/>
              </lines>
            </method>
            <method name="AdminKycPanel" hits="6" signature="()V">
              <lines>
                <line number="530" hits="6"/>
              </lines>
            </method>
            <method name="(anonymous_31)" hits="1" signature="()V">
              <lines>
                <line number="536" hits="1"/>
              </lines>
            </method>
            <method name="(anonymous_32)" hits="1" signature="()V">
              <lines>
                <line number="540" hits="1"/>
              </lines>
            </method>
            <method name="(anonymous_33)" hits="0" signature="()V">
              <lines>
                <line number="548" hits="0"/>
              </lines>
            </method>
            <method name="(anonymous_34)" hits="0" signature="()V">
              <lines>
                <line number="578" hits="0"/>
              </lines>
            </method>
            <method name="(anonymous_35)" hits="1" signature="()V">
              <lines>
                <line number="594" hits="1"/>
              </lines>
            </method>
            <method name="(anonymous_36)" hits="0" signature="()V">
              <lines>
                <line number="605" hits="0"/>
              </lines>
            </method>
            <method name="(anonymous_37)" hits="2" signature="()V">
              <lines>
                <line number="631" hits="2"/>
              </lines>
            </method>
            <method name="(anonymous_38)" hits="1" signature="()V">
              <lines>
                <line number="658" hits="1"/>
              </lines>
            </method>
            <method name="(anonymous_39)" hits="0" signature="()V">
              <lines>
                <line number="672" hits="0"/>
              </lines>
            </method>
            <method name="(anonymous_40)" hits="0" signature="()V">
              <lines>
                <line number="682" hits="0"/>
              </lines>
            </method>
            <method name="(anonymous_41)" hits="0" signature="()V">
              <lines>
                <line number="701" hits="0"/>
              </lines>
            </method>
            <method name="(anonymous_42)" hits="0" signature="()V">
              <lines>
                <line number="715" hits="0"/>
              </lines>
            </method>
            <method name="(anonymous_43)" hits="0" signature="()V">
              <lines>
                <line number="715" hits="0"/>
              </lines>
            </method>
          </methods>
          <lines>
            <line number="32" hits="2" branch="false"/>
            <line number="40" hits="1" branch="false"/>
            <line number="41" hits="1" branch="true" condition-coverage="50% (1/2)"/>
            <line number="42" hits="1" branch="false"/>
            <line number="52" hits="5" branch="false"/>
            <line number="54" hits="5" branch="false"/>
            <line number="65" hits="5" branch="false"/>
            <line number="99" hits="5" branch="false"/>
            <line number="104" hits="2" branch="false"/>
            <line number="105" hits="2" branch="true" condition-coverage="50% (1/2)"/>
            <line number="106" hits="2" branch="false"/>
            <line number="107" hits="2" branch="false"/>
            <line number="121" hits="15" branch="false"/>
            <line number="145" hits="1" branch="false"/>
            <line number="146" hits="1" branch="false"/>
            <line number="147" hits="1" branch="false"/>
            <line number="148" hits="1" branch="false"/>
            <line number="149" hits="1" branch="false"/>
            <line number="151" hits="30" branch="false"/>
            <line number="152" hits="30" branch="true" condition-coverage="100% (2/2)"/>
            <line number="153" hits="1" branch="false"/>
            <line number="154" hits="1" branch="false"/>
            <line number="156" hits="15" branch="false"/>
            <line number="157" hits="60" branch="false"/>
            <line number="160" hits="1" branch="false"/>
            <line number="162" hits="30" branch="true" condition-coverage="100% (2/2)"/>
            <line number="166" hits="30" branch="false"/>
            <line number="170" hits="30" branch="true" condition-coverage="100% (2/2)"/>
            <line number="172" hits="1" branch="false"/>
            <line number="191" hits="4" branch="false"/>
            <line number="192" hits="4" branch="false"/>
            <line number="208" hits="30" branch="false"/>
            <line number="234" hits="7" branch="false"/>
            <line number="235" hits="7" branch="false"/>
            <line number="236" hits="7" branch="false"/>
            <line number="254" hits="15" branch="true" condition-coverage="50% (1/2)"/>
            <line number="255" hits="15" branch="true" condition-coverage="100% (2/2)"/>
            <line number="256" hits="5" branch="false"/>
            <line number="260" hits="1" branch="true" condition-coverage="100% (1/1)"/>
            <line number="261" hits="1" branch="false"/>
            <line number="263" hits="1" branch="true" condition-coverage="50% (1/2)"/>
            <line number="264" hits="0" branch="false"/>
            <line number="271" hits="1" branch="true" condition-coverage="50% (1/2)"/>
            <line number="273" hits="1" branch="true" condition-coverage="50% (1/2)"/>
            <line number="274" hits="0" branch="false"/>
            <line number="283" hits="1" branch="false"/>
            <line number="297" hits="1" branch="false"/>
            <line number="298" hits="1" branch="false"/>
            <line number="299" hits="1" branch="false"/>
            <line number="346" hits="0" branch="true" condition-coverage="0% (0/1)"/>
            <line number="347" hits="0" branch="false"/>
            <line number="348" hits="0" branch="false"/>
            <line number="350" hits="0" branch="false"/>
            <line number="351" hits="0" branch="false"/>
            <line number="352" hits="0" branch="true" condition-coverage="0% (0/2)"/>
            <line number="353" hits="0" branch="false"/>
            <line number="360" hits="0" branch="false"/>
            <line number="362" hits="0" branch="false"/>
            <line number="366" hits="0" branch="false"/>
            <line number="367" hits="0" branch="false"/>
            <line number="368" hits="0" branch="false"/>
            <line number="369" hits="0" branch="false"/>
            <line number="371" hits="0" branch="false"/>
            <line number="375" hits="0" branch="true" condition-coverage="0% (0/2)"/>
            <line number="390" hits="0" branch="false"/>
            <line number="421" hits="0" branch="false"/>
            <line number="422" hits="0" branch="false"/>
            <line number="446" hits="0" branch="false"/>
            <line number="456" hits="0" branch="false"/>
            <line number="465" hits="0" branch="false"/>
            <line number="510" hits="0" branch="false"/>
            <line number="524" hits="0" branch="false"/>
            <line number="531" hits="6" branch="true" condition-coverage="100% (1/1)"/>
            <line number="532" hits="6" branch="false"/>
            <line number="533" hits="6" branch="false"/>
            <line number="534" hits="6" branch="false"/>
            <line number="536" hits="6" branch="false"/>
            <line number="537" hits="1" branch="false"/>
            <line number="538" hits="1" branch="true" condition-coverage="100% (2/2)"/>
            <line number="539" hits="1" branch="true" condition-coverage="50% (1/2)"/>
            <line number="540" hits="1" branch="false"/>
            <line number="542" hits="0" branch="false"/>
            <line number="548" hits="6" branch="false"/>
            <line number="549" hits="0" branch="false"/>
            <line number="550" hits="0" branch="false"/>
            <line number="551" hits="0" branch="false"/>
            <line number="553" hits="0" branch="false"/>
            <line number="557" hits="6" branch="false"/>
            <line number="578" hits="0" branch="false"/>
            <line number="594" hits="1" branch="false"/>
            <line number="605" hits="0" branch="false"/>
            <line number="632" hits="2" branch="false"/>
            <line number="658" hits="1" branch="false"/>
            <line number="672" hits="0" branch="false"/>
            <line number="683" hits="0" branch="false"/>
            <line number="701" hits="0" branch="false"/>
            <line number="715" hits="0" branch="false"/>
          </lines>
        </class>
      </classes>
    </package>
    <package name="components.AdminModerationPanel" line-rate="0.9166" branch-rate="0.8392000000000001">
      <classes>
        <class name="AdminModerationPanel.tsx" filename="src/components/AdminModerationPanel/AdminModerationPanel.tsx" line-rate="0.9166" branch-rate="0.8392000000000001">
          <methods>
            <method name="SummaryCard" hits="24" signature="()V">
              <lines>
                <line number="29" hits="24"/>
              </lines>
            </method>
            <method name="DecisionRow" hits="14" signature="()V">
              <lines>
                <line number="41" hits="14"/>
              </lines>
            </method>
            <method name="(anonymous_2)" hits="14" signature="()V">
              <lines>
                <line number="90" hits="14"/>
              </lines>
            </method>
            <method name="(anonymous_3)" hits="12" signature="()V">
              <lines>
                <line number="110" hits="12"/>
              </lines>
            </method>
            <method name="(anonymous_4)" hits="1" signature="()V">
              <lines>
                <line number="118" hits="1"/>
              </lines>
            </method>
            <method name="(anonymous_5)" hits="1" signature="()V">
              <lines>
                <line number="132" hits="1"/>
              </lines>
            </method>
            <method name="AdminModerationPanel" hits="4" signature="()V">
              <lines>
                <line number="146" hits="4"/>
              </lines>
            </method>
            <method name="(anonymous_7)" hits="2" signature="()V">
              <lines>
                <line number="156" hits="2"/>
              </lines>
            </method>
            <method name="(anonymous_8)" hits="8" signature="()V">
              <lines>
                <line number="201" hits="8"/>
              </lines>
            </method>
            <method name="(anonymous_9)" hits="1" signature="()V">
              <lines>
                <line number="205" hits="1"/>
              </lines>
            </method>
            <method name="(anonymous_10)" hits="16" signature="()V">
              <lines>
                <line number="218" hits="16"/>
              </lines>
            </method>
            <method name="(anonymous_11)" hits="0" signature="()V">
              <lines>
                <line number="222" hits="0"/>
              </lines>
            </method>
            <method name="(anonymous_12)" hits="1" signature="()V">
              <lines>
                <line number="249" hits="1"/>
              </lines>
            </method>
            <method name="(anonymous_13)" hits="1" signature="()V">
              <lines>
                <line number="266" hits="1"/>
              </lines>
            </method>
            <method name="(anonymous_14)" hits="1" signature="()V">
              <lines>
                <line number="272" hits="1"/>
              </lines>
            </method>
            <method name="(anonymous_15)" hits="0" signature="()V">
              <lines>
                <line number="284" hits="0"/>
              </lines>
            </method>
            <method name="(anonymous_16)" hits="1" signature="()V">
              <lines>
                <line number="293" hits="1"/>
              </lines>
            </method>
            <method name="(anonymous_17)" hits="1" signature="()V">
              <lines>
                <line number="305" hits="1"/>
              </lines>
            </method>
          </methods>
          <lines>
            <line number="15" hits="2" branch="false"/>
            <line number="22" hits="2" branch="false"/>
            <line number="30" hits="24" branch="false"/>
            <line number="66" hits="14" branch="false"/>
            <line number="67" hits="14" branch="true" condition-coverage="100% (2/2)"/>
            <line number="68" hits="14" branch="false"/>
            <line number="91" hits="14" branch="false"/>
            <line number="110" hits="12" branch="false"/>
            <line number="118" hits="1" branch="false"/>
            <line number="132" hits="1" branch="false"/>
            <line number="147" hits="4" branch="false"/>
            <line number="148" hits="4" branch="false"/>
            <line number="150" hits="4" branch="false"/>
            <line number="151" hits="4" branch="true" condition-coverage="100% (1/1)"/>
            <line number="152" hits="4" branch="true" condition-coverage="100% (1/1)"/>
            <line number="153" hits="4" branch="false"/>
            <line number="154" hits="4" branch="false"/>
            <line number="156" hits="4" branch="false"/>
            <line number="162" hits="2" branch="false"/>
            <line number="163" hits="2" branch="true" condition-coverage="100% (2/2)"/>
            <line number="164" hits="2" branch="false"/>
            <line number="165" hits="2" branch="true" condition-coverage="100% (2/2)"/>
            <line number="167" hits="0" branch="false"/>
            <line number="171" hits="4" branch="true" condition-coverage="100% (2/2)"/>
            <line number="172" hits="4" branch="true" condition-coverage="100% (2/2)"/>
            <line number="174" hits="4" branch="false"/>
            <line number="202" hits="8" branch="false"/>
            <line number="205" hits="1" branch="false"/>
            <line number="219" hits="16" branch="false"/>
            <line number="222" hits="0" branch="false"/>
            <line number="250" hits="1" branch="false"/>
            <line number="266" hits="1" branch="false"/>
            <line number="273" hits="1" branch="false"/>
            <line number="285" hits="0" branch="false"/>
            <line number="293" hits="1" branch="false"/>
            <line number="305" hits="1" branch="false"/>
          </lines>
        </class>
      </classes>
    </package>
    <package name="components.AdminReportsPanel" line-rate="0.8823000000000001" branch-rate="0.8125">
      <classes>
        <class name="AdminReportsPanel.tsx" filename="src/components/AdminReportsPanel/AdminReportsPanel.tsx" line-rate="0.8823000000000001" branch-rate="0.8125">
          <methods>
            <method name="AdminReportsPanel" hits="24" signature="()V">
              <lines>
                <line number="47" hits="24"/>
              </lines>
            </method>
            <method name="(anonymous_1)" hits="22" signature="()V">
              <lines>
                <line number="56" hits="22"/>
              </lines>
            </method>
            <method name="(anonymous_2)" hits="24" signature="()V">
              <lines>
                <line number="58" hits="24"/>
              </lines>
            </method>
            <method name="(anonymous_3)" hits="3" signature="()V">
              <lines>
                <line number="63" hits="3"/>
              </lines>
            </method>
            <method name="(anonymous_4)" hits="26" signature="()V">
              <lines>
                <line number="73" hits="26"/>
              </lines>
            </method>
            <method name="(anonymous_5)" hits="120" signature="()V">
              <lines>
                <line number="93" hits="120"/>
              </lines>
            </method>
            <method name="(anonymous_6)" hits="144" signature="()V">
              <lines>
                <line number="108" hits="144"/>
              </lines>
            </method>
            <method name="(anonymous_7)" hits="1" signature="()V">
              <lines>
                <line number="112" hits="1"/>
              </lines>
            </method>
            <method name="(anonymous_8)" hits="23" signature="()V">
              <lines>
                <line number="139" hits="23"/>
              </lines>
            </method>
            <method name="(anonymous_9)" hits="14" signature="()V">
              <lines>
                <line number="202" hits="14"/>
              </lines>
            </method>
            <method name="(anonymous_10)" hits="14" signature="()V">
              <lines>
                <line number="203" hits="14"/>
              </lines>
            </method>
            <method name="(anonymous_11)" hits="1" signature="()V">
              <lines>
                <line number="212" hits="1"/>
              </lines>
            </method>
            <method name="(anonymous_12)" hits="1" signature="()V">
              <lines>
                <line number="225" hits="1"/>
              </lines>
            </method>
            <method name="(anonymous_13)" hits="0" signature="()V">
              <lines>
                <line number="233" hits="0"/>
              </lines>
            </method>
            <method name="(anonymous_14)" hits="1" signature="()V">
              <lines>
                <line number="241" hits="1"/>
              </lines>
            </method>
            <method name="(anonymous_15)" hits="0" signature="()V">
              <lines>
                <line number="257" hits="0"/>
              </lines>
            </method>
            <method name="(anonymous_16)" hits="0" signature="()V">
              <lines>
                <line number="272" hits="0"/>
              </lines>
            </method>
            <method name="(anonymous_17)" hits="1" signature="()V">
              <lines>
                <line number="280" hits="1"/>
              </lines>
            </method>
          </methods>
          <lines>
            <line number="26" hits="2" branch="false"/>
            <line number="35" hits="2" branch="false"/>
            <line number="48" hits="24" branch="false"/>
            <line number="49" hits="24" branch="false"/>
            <line number="50" hits="24" branch="false"/>
            <line number="52" hits="24" branch="true" condition-coverage="100% (1/1)"/>
            <line number="53" hits="24" branch="false"/>
            <line number="56" hits="24" branch="true" condition-coverage="100% (2/2)"/>
            <line number="58" hits="24" branch="false"/>
            <line number="59" hits="24" branch="true" condition-coverage="100% (2/2)"/>
            <line number="60" hits="24" branch="false"/>
            <line number="63" hits="24" branch="true" condition-coverage="100% (1/1)"/>
            <line number="64" hits="3" branch="false"/>
            <line number="65" hits="3" branch="false"/>
            <line number="66" hits="3" branch="true" condition-coverage="100% (2/2)"/>
            <line number="67" hits="3" branch="true" condition-coverage="100% (2/2)"/>
            <line number="69" hits="0" branch="false"/>
            <line number="73" hits="26" branch="true" condition-coverage="50% (1/2)"/>
            <line number="75" hits="24" branch="false"/>
            <line number="94" hits="120" branch="false"/>
            <line number="109" hits="144" branch="false"/>
            <line number="112" hits="1" branch="false"/>
            <line number="140" hits="23" branch="false"/>
            <line number="141" hits="23" branch="true" condition-coverage="100% (2/2)"/>
            <line number="142" hits="23" branch="true" condition-coverage="100% (2/2)"/>
            <line number="143" hits="23" branch="false"/>
            <line number="203" hits="14" branch="false"/>
            <line number="212" hits="1" branch="false"/>
            <line number="225" hits="1" branch="false"/>
            <line number="233" hits="0" branch="false"/>
            <line number="241" hits="1" branch="false"/>
            <line number="257" hits="0" branch="true" condition-coverage="0% (0/2)"/>
            <line number="272" hits="0" branch="false"/>
            <line number="281" hits="1" branch="true" condition-coverage="75% (3/4)"/>
          </lines>
        </class>
      </classes>
    </package>
    <package name="components.AdminRevenuePanel" line-rate="0.8571" branch-rate="0.6764">
      <classes>
        <class name="AdminRevenuePanel.tsx" filename="src/components/AdminRevenuePanel/AdminRevenuePanel.tsx" line-rate="0.8571" branch-rate="0.6764">
          <methods>
            <method name="taka" hits="99" signature="()V">
              <lines>
                <line number="29" hits="99"/>
              </lines>
            </method>
            <method name="AdminRevenuePanel" hits="11" signature="()V">
              <lines>
                <line number="35" hits="11"/>
              </lines>
            </method>
            <method name="(anonymous_2)" hits="22" signature="()V">
              <lines>
                <line number="46" hits="22"/>
              </lines>
            </method>
            <method name="(anonymous_3)" hits="1" signature="()V">
              <lines>
                <line number="48" hits="1"/>
              </lines>
            </method>
            <method name="(anonymous_4)" hits="11" signature="()V">
              <lines>
                <line number="105" hits="11"/>
              </lines>
            </method>
            <method name="(anonymous_5)" hits="55" signature="()V">
              <lines>
                <line number="124" hits="55"/>
              </lines>
            </method>
            <method name="(anonymous_6)" hits="1" signature="()V">
              <lines>
                <line number="128" hits="1"/>
              </lines>
            </method>
            <method name="(anonymous_7)" hits="11" signature="()V">
              <lines>
                <line number="158" hits="11"/>
              </lines>
            </method>
            <method name="(anonymous_8)" hits="1" signature="()V">
              <lines>
                <line number="184" hits="1"/>
              </lines>
            </method>
            <method name="(anonymous_9)" hits="0" signature="()V">
              <lines>
                <line number="192" hits="0"/>
              </lines>
            </method>
            <method name="(anonymous_10)" hits="6" signature="()V">
              <lines>
                <line number="204" hits="6"/>
              </lines>
            </method>
            <method name="(anonymous_11)" hits="1" signature="()V">
              <lines>
                <line number="210" hits="1"/>
              </lines>
            </method>
            <method name="(anonymous_12)" hits="11" signature="()V">
              <lines>
                <line number="252" hits="11"/>
              </lines>
            </method>
          </methods>
          <lines>
            <line number="13" hits="1" branch="false"/>
            <line number="21" hits="1" branch="false"/>
            <line number="30" hits="99" branch="true" condition-coverage="50% (1/2)"/>
            <line number="31" hits="99" branch="false"/>
            <line number="36" hits="11" branch="false"/>
            <line number="37" hits="11" branch="false"/>
            <line number="38" hits="11" branch="false"/>
            <line number="40" hits="11" branch="false"/>
            <line number="41" hits="11" branch="false"/>
            <line number="44" hits="11" branch="true" condition-coverage="50% (1/2)"/>
            <line number="46" hits="22" branch="true" condition-coverage="50% (1/2)"/>
            <line number="48" hits="11" branch="false"/>
            <line number="49" hits="1" branch="false"/>
            <line number="52" hits="11" branch="true" condition-coverage="75% (3/4)"/>
            <line number="53" hits="0" branch="false"/>
            <line number="61" hits="11" branch="false"/>
            <line number="106" hits="11" branch="false"/>
            <line number="125" hits="55" branch="false"/>
            <line number="128" hits="1" branch="false"/>
            <line number="159" hits="11" branch="false"/>
            <line number="184" hits="1" branch="false"/>
            <line number="192" hits="0" branch="false"/>
            <line number="204" hits="6" branch="false"/>
            <line number="211" hits="1" branch="true" condition-coverage="50% (1/2)"/>
            <line number="212" hits="0" branch="false"/>
            <line number="213" hits="0" branch="false"/>
            <line number="215" hits="1" branch="false"/>
            <line number="253" hits="11" branch="false"/>
          </lines>
        </class>
      </classes>
    </package>
    <package name="components.AdminTrustCenter" line-rate="0.7567" branch-rate="0.7017">
      <classes>
        <class name="AdminTrustCenter.tsx" filename="src/components/AdminTrustCenter/AdminTrustCenter.tsx" line-rate="0.6666" branch-rate="0.6857">
          <methods>
            <method name="OverviewCard" hits="28" signature="()V">
              <lines>
                <line number="40" hits="28"/>
              </lines>
            </method>
            <method name="AdminTrustCenter" hits="7" signature="()V">
              <lines>
                <line number="75" hits="7"/>
              </lines>
            </method>
            <method name="(anonymous_2)" hits="0" signature="()V">
              <lines>
                <line number="86" hits="0"/>
              </lines>
            </method>
            <method name="(anonymous_3)" hits="56" signature="()V">
              <lines>
                <line number="113" hits="56"/>
              </lines>
            </method>
            <method name="(anonymous_4)" hits="3" signature="()V">
              <lines>
                <line number="117" hits="3"/>
              </lines>
            </method>
            <method name="(anonymous_5)" hits="0" signature="()V">
              <lines>
                <line number="137" hits="0"/>
              </lines>
            </method>
            <method name="(anonymous_6)" hits="0" signature="()V">
              <lines>
                <line number="144" hits="0"/>
              </lines>
            </method>
            <method name="(anonymous_7)" hits="0" signature="()V">
              <lines>
                <line number="151" hits="0"/>
              </lines>
            </method>
            <method name="(anonymous_8)" hits="0" signature="()V">
              <lines>
                <line number="158" hits="0"/>
              </lines>
            </method>
            <method name="(anonymous_9)" hits="0" signature="()V">
              <lines>
                <line number="165" hits="0"/>
              </lines>
            </method>
            <method name="(anonymous_10)" hits="0" signature="()V">
              <lines>
                <line number="172" hits="0"/>
              </lines>
            </method>
            <method name="(anonymous_11)" hits="0" signature="()V">
              <lines>
                <line number="179" hits="0"/>
              </lines>
            </method>
          </methods>
          <lines>
            <line number="27" hits="1" branch="false"/>
            <line number="53" hits="28" branch="false"/>
            <line number="76" hits="7" branch="false"/>
            <line number="78" hits="7" branch="false"/>
            <line number="79" hits="7" branch="true" condition-coverage="100% (1/1)"/>
            <line number="80" hits="7" branch="true" condition-coverage="100% (1/1)"/>
            <line number="81" hits="7" branch="true" condition-coverage="100% (1/1)"/>
            <line number="82" hits="7" branch="false"/>
            <line number="83" hits="7" branch="true" condition-coverage="100% (1/1)"/>
            <line number="84" hits="7" branch="true" condition-coverage="100% (1/1)"/>
            <line number="86" hits="7" branch="false"/>
            <line number="87" hits="0" branch="true" condition-coverage="0% (0/2)"/>
            <line number="89" hits="7" branch="false"/>
            <line number="94" hits="7" branch="true" condition-coverage="50% (1/2)"/>
            <line number="96" hits="7" branch="false"/>
            <line number="114" hits="56" branch="false"/>
            <line number="117" hits="3" branch="false"/>
            <line number="137" hits="0" branch="false"/>
            <line number="144" hits="0" branch="false"/>
            <line number="151" hits="0" branch="false"/>
            <line number="158" hits="0" branch="false"/>
            <line number="165" hits="0" branch="false"/>
            <line number="172" hits="0" branch="false"/>
            <line number="179" hits="0" branch="false"/>
          </lines>
        </class>
        <class name="AuditTrailTab.tsx" filename="src/components/AdminTrustCenter/AuditTrailTab.tsx" line-rate="0.8571" branch-rate="0.7692">
          <methods>
            <method name="AuditTrailTab" hits="1" signature="()V">
              <lines>
                <line number="17" hits="1"/>
              </lines>
            </method>
            <method name="(anonymous_1)" hits="6" signature="()V">
              <lines>
                <line number="34" hits="6"/>
              </lines>
            </method>
            <method name="(anonymous_2)" hits="0" signature="()V">
              <lines>
                <line number="38" hits="0"/>
              </lines>
            </method>
            <method name="(anonymous_3)" hits="1" signature="()V">
              <lines>
                <line number="61" hits="1"/>
              </lines>
            </method>
          </methods>
          <lines>
            <line number="6" hits="1" branch="false"/>
            <line number="18" hits="1" branch="false"/>
            <line number="19" hits="1" branch="true" condition-coverage="100% (3/3)"/>
            <line number="21" hits="1" branch="false"/>
            <line number="35" hits="6" branch="false"/>
            <line number="38" hits="0" branch="false"/>
            <line number="62" hits="1" branch="false"/>
          </lines>
        </class>
        <class name="ChatSafetyFeed.tsx" filename="src/components/AdminTrustCenter/ChatSafetyFeed.tsx" line-rate="1" branch-rate="0.6666">
          <methods>
            <method name="ChatSafetyFeed" hits="1" signature="()V">
              <lines>
                <line number="21" hits="1"/>
              </lines>
            </method>
            <method name="(anonymous_1)" hits="1" signature="()V">
              <lines>
                <line number="48" hits="1"/>
              </lines>
            </method>
            <method name="(anonymous_2)" hits="1" signature="()V">
              <lines>
                <line number="79" hits="1"/>
              </lines>
            </method>
          </methods>
          <lines>
            <line number="5" hits="1" branch="false"/>
            <line number="12" hits="1" branch="false"/>
            <line number="22" hits="1" branch="true" condition-coverage="100% (1/1)"/>
            <line number="24" hits="1" branch="false"/>
            <line number="49" hits="1" branch="false"/>
            <line number="80" hits="1" branch="false"/>
          </lines>
        </class>
      </classes>
    </package>
    <package name="components.BangladeshFlag" line-rate="1" branch-rate="1">
      <classes>
        <class name="BangladeshFlag.tsx" filename="src/components/BangladeshFlag/BangladeshFlag.tsx" line-rate="1" branch-rate="1">
          <methods>
            <method name="BangladeshFlag" hits="5" signature="()V">
              <lines>
                <line number="8" hits="5"/>
              </lines>
            </method>
          </methods>
          <lines>
            <line number="15" hits="5" branch="false"/>
          </lines>
        </class>
      </classes>
    </package>
    <package name="components.FraudTab" line-rate="0.9375" branch-rate="0.75">
      <classes>
        <class name="FraudTab.tsx" filename="src/components/FraudTab/FraudTab.tsx" line-rate="0.9375" branch-rate="0.75">
          <methods>
            <method name="FraudTab" hits="7" signature="()V">
              <lines>
                <line number="25" hits="7"/>
              </lines>
            </method>
            <method name="(anonymous_1)" hits="5" signature="()V">
              <lines>
                <line number="64" hits="5"/>
              </lines>
            </method>
            <method name="(anonymous_2)" hits="1" signature="()V">
              <lines>
                <line number="109" hits="1"/>
              </lines>
            </method>
            <method name="(anonymous_3)" hits="1" signature="()V">
              <lines>
                <line number="118" hits="1"/>
              </lines>
            </method>
            <method name="(anonymous_4)" hits="0" signature="()V">
              <lines>
                <line number="125" hits="0"/>
              </lines>
            </method>
            <method name="(anonymous_5)" hits="5" signature="()V">
              <lines>
                <line number="138" hits="5"/>
              </lines>
            </method>
          </methods>
          <lines>
            <line number="7" hits="1" branch="false"/>
            <line number="14" hits="1" branch="false"/>
            <line number="26" hits="7" branch="true" condition-coverage="100% (1/1)"/>
            <line number="27" hits="7" branch="false"/>
            <line number="28" hits="7" branch="false"/>
            <line number="29" hits="7" branch="false"/>
            <line number="30" hits="7" branch="false"/>
            <line number="32" hits="7" branch="true" condition-coverage="100% (2/2)"/>
            <line number="33" hits="1" branch="false"/>
            <line number="40" hits="6" branch="false"/>
            <line number="65" hits="5" branch="true" condition-coverage="50% (1/2)"/>
            <line number="66" hits="5" branch="false"/>
            <line number="109" hits="1" branch="false"/>
            <line number="118" hits="1" branch="false"/>
            <line number="126" hits="0" branch="false"/>
            <line number="139" hits="5" branch="false"/>
          </lines>
        </class>
      </classes>
    </package>
    <package name="components.KycCard" line-rate="0.92" branch-rate="0.8378">
      <classes>
        <class name="KycCard.tsx" filename="src/components/KycCard/KycCard.tsx" line-rate="0.92" branch-rate="0.8378">
          <methods>
            <method name="KycCard" hits="12" signature="()V">
              <lines>
                <line number="24" hits="12"/>
              </lines>
            </method>
            <method name="(anonymous_1)" hits="9" signature="()V">
              <lines>
                <line number="33" hits="9"/>
              </lines>
            </method>
            <method name="(anonymous_2)" hits="9" signature="()V">
              <lines>
                <line number="38" hits="9"/>
              </lines>
            </method>
            <method name="(anonymous_3)" hits="1" signature="()V">
              <lines>
                <line number="39" hits="1"/>
              </lines>
            </method>
            <method name="(anonymous_4)" hits="1" signature="()V">
              <lines>
                <line number="44" hits="1"/>
              </lines>
            </method>
            <method name="(anonymous_5)" hits="0" signature="()V">
              <lines>
                <line number="96" hits="0"/>
              </lines>
            </method>
            <method name="(anonymous_6)" hits="16" signature="()V">
              <lines>
                <line number="101" hits="16"/>
              </lines>
            </method>
            <method name="(anonymous_7)" hits="1" signature="()V">
              <lines>
                <line number="113" hits="1"/>
              </lines>
            </method>
            <method name="(anonymous_8)" hits="8" signature="()V">
              <lines>
                <line number="146" hits="8"/>
              </lines>
            </method>
          </methods>
          <lines>
            <line number="13" hits="1" branch="false"/>
            <line number="18" hits="1" branch="false"/>
            <line number="25" hits="12" branch="false"/>
            <line number="26" hits="12" branch="true" condition-coverage="100% (1/1)"/>
            <line number="27" hits="12" branch="false"/>
            <line number="29" hits="12" branch="false"/>
            <line number="30" hits="12" branch="false"/>
            <line number="32" hits="12" branch="false"/>
            <line number="33" hits="12" branch="false"/>
            <line number="37" hits="12" branch="false"/>
            <line number="38" hits="9" branch="false"/>
            <line number="40" hits="1" branch="true" condition-coverage="50% (2/4)"/>
            <line number="42" hits="12" branch="false"/>
            <line number="44" hits="12" branch="false"/>
            <line number="45" hits="1" branch="true" condition-coverage="50% (1/2)"/>
            <line number="46" hits="1" branch="false"/>
            <line number="47" hits="1" branch="false"/>
            <line number="48" hits="1" branch="false"/>
            <line number="49" hits="1" branch="false"/>
            <line number="51" hits="0" branch="false"/>
            <line number="55" hits="12" branch="false"/>
            <line number="96" hits="0" branch="false"/>
            <line number="102" hits="16" branch="false"/>
            <line number="113" hits="1" branch="true" condition-coverage="50% (1/2)"/>
            <line number="147" hits="8" branch="false"/>
          </lines>
        </class>
      </classes>
    </package>
    <package name="components.LandlordInsights" line-rate="0.5555" branch-rate="0.5">
      <classes>
        <class name="LandlordInsights.tsx" filename="src/components/LandlordInsights/LandlordInsights.tsx" line-rate="0.5555" branch-rate="0.5">
          <methods>
            <method name="qualityStyles" hits="2" signature="()V">
              <lines>
                <line number="10" hits="2"/>
              </lines>
            </method>
            <method name="QualityCell" hits="2" signature="()V">
              <lines>
                <line number="23" hits="2"/>
              </lines>
            </method>
            <method name="(anonymous_2)" hits="0" signature="()V">
              <lines>
                <line number="37" hits="0"/>
              </lines>
            </method>
            <method name="(anonymous_3)" hits="0" signature="()V">
              <lines>
                <line number="37" hits="0"/>
              </lines>
            </method>
            <method name="(anonymous_4)" hits="0" signature="()V">
              <lines>
                <line number="48" hits="0"/>
              </lines>
            </method>
            <method name="LandlordInsights" hits="4" signature="()V">
              <lines>
                <line number="64" hits="4"/>
              </lines>
            </method>
            <method name="(anonymous_6)" hits="0" signature="()V">
              <lines>
                <line number="77" hits="0"/>
              </lines>
            </method>
            <method name="(anonymous_7)" hits="0" signature="()V">
              <lines>
                <line number="78" hits="0"/>
              </lines>
            </method>
            <method name="(anonymous_8)" hits="2" signature="()V">
              <lines>
                <line number="128" hits="2"/>
              </lines>
            </method>
            <method name="(anonymous_9)" hits="0" signature="()V">
              <lines>
                <line number="182" hits="0"/>
              </lines>
            </method>
            <method name="FragmentRow" hits="2" signature="()V">
              <lines>
                <line number="221" hits="2"/>
              </lines>
            </method>
          </methods>
          <lines>
            <line number="11" hits="2" branch="true" condition-coverage="25% (1/4)"/>
            <line number="13" hits="0" branch="false"/>
            <line number="15" hits="2" branch="false"/>
            <line number="17" hits="0" branch="false"/>
            <line number="19" hits="0" branch="false"/>
            <line number="24" hits="2" branch="false"/>
            <line number="25" hits="2" branch="false"/>
            <line number="26" hits="2" branch="true" condition-coverage="75% (3/4)"/>
            <line number="27" hits="0" branch="false"/>
            <line number="29" hits="2" branch="false"/>
            <line number="37" hits="0" branch="false"/>
            <line number="49" hits="0" branch="false"/>
            <line number="65" hits="4" branch="false"/>
            <line number="70" hits="4" branch="false"/>
            <line number="72" hits="4" branch="true" condition-coverage="100% (2/2)"/>
            <line number="73" hits="2" branch="false"/>
            <line number="75" hits="2" branch="true" condition-coverage="50% (1/2)"/>
            <line number="77" hits="2" branch="false"/>
            <line number="78" hits="0" branch="false"/>
            <line number="79" hits="0" branch="false"/>
            <line number="80" hits="0" branch="true" condition-coverage="0% (0/2)"/>
            <line number="81" hits="0" branch="false"/>
            <line number="82" hits="0" branch="false"/>
            <line number="85" hits="2" branch="false"/>
            <line number="129" hits="2" branch="false"/>
            <line number="182" hits="0" branch="false"/>
            <line number="222" hits="2" branch="false"/>
          </lines>
        </class>
      </classes>
    </package>
    <package name="components.LanguageToggle" line-rate="1" branch-rate="0.8332999999999999">
      <classes>
        <class name="LanguageToggle.tsx" filename="src/components/LanguageToggle/LanguageToggle.tsx" line-rate="1" branch-rate="0.8332999999999999">
          <methods>
            <method name="LanguageToggle" hits="8" signature="()V">
              <lines>
                <line number="12" hits="8"/>
              </lines>
            </method>
            <method name="(anonymous_1)" hits="1" signature="()V">
              <lines>
                <line number="16" hits="1"/>
              </lines>
            </method>
          </methods>
          <lines>
            <line number="13" hits="8" branch="false"/>
            <line number="14" hits="8" branch="true" condition-coverage="75% (3/4)"/>
            <line number="16" hits="8" branch="false"/>
            <line number="17" hits="1" branch="true" condition-coverage="50% (1/2)"/>
            <line number="18" hits="1" branch="false"/>
            <line number="19" hits="1" branch="false"/>
            <line number="22" hits="8" branch="false"/>
          </lines>
        </class>
      </classes>
    </package>
    <package name="components.MarketReportCard" line-rate="0.9444" branch-rate="0.7674">
      <classes>
        <class name="MarketReportCard.tsx" filename="src/components/MarketReportCard/MarketReportCard.tsx" line-rate="0.9444" branch-rate="0.7674">
          <methods>
            <method name="MarketReportCard" hits="11" signature="()V">
              <lines>
                <line number="19" hits="11"/>
              </lines>
            </method>
            <method name="(anonymous_1)" hits="6" signature="()V">
              <lines>
                <line number="30" hits="6"/>
              </lines>
            </method>
            <method name="(anonymous_2)" hits="1" signature="()V">
              <lines>
                <line number="34" hits="1"/>
              </lines>
            </method>
            <method name="(anonymous_3)" hits="1" signature="()V">
              <lines>
                <line number="93" hits="1"/>
              </lines>
            </method>
            <method name="(anonymous_4)" hits="6" signature="()V">
              <lines>
                <line number="104" hits="6"/>
              </lines>
            </method>
            <method name="(anonymous_5)" hits="12" signature="()V">
              <lines>
                <line number="141" hits="12"/>
              </lines>
            </method>
          </methods>
          <lines>
            <line number="9" hits="2" branch="false"/>
            <line number="20" hits="11" branch="false"/>
            <line number="21" hits="11" branch="false"/>
            <line number="28" hits="11" branch="false"/>
            <line number="30" hits="6" branch="false"/>
            <line number="34" hits="11" branch="false"/>
            <line number="35" hits="1" branch="false"/>
            <line number="36" hits="1" branch="false"/>
            <line number="37" hits="1" branch="false"/>
            <line number="38" hits="1" branch="false"/>
            <line number="39" hits="1" branch="false"/>
            <line number="40" hits="1" branch="false"/>
            <line number="42" hits="0" branch="false"/>
            <line number="44" hits="1" branch="false"/>
            <line number="48" hits="11" branch="false"/>
            <line number="93" hits="1" branch="false"/>
            <line number="105" hits="6" branch="false"/>
            <line number="142" hits="12" branch="false"/>
          </lines>
        </class>
      </classes>
    </package>
    <package name="components.Navbar" line-rate="0.44060000000000005" branch-rate="0.377">
      <classes>
        <class name="Navbar.tsx" filename="src/components/Navbar/Navbar.tsx" line-rate="0.44060000000000005" branch-rate="0.377">
          <methods>
            <method name="Navbar" hits="5" signature="()V">
              <lines>
                <line number="36" hits="5"/>
              </lines>
            </method>
            <method name="(anonymous_1)" hits="0" signature="()V">
              <lines>
                <line number="38" hits="0"/>
              </lines>
            </method>
            <method name="(anonymous_2)" hits="0" signature="()V">
              <lines>
                <line number="39" hits="0"/>
              </lines>
            </method>
            <method name="(anonymous_3)" hits="0" signature="()V">
              <lines>
                <line number="40" hits="0"/>
              </lines>
            </method>
            <method name="(anonymous_4)" hits="16" signature="()V">
              <lines>
                <line number="41" hits="16"/>
              </lines>
            </method>
            <method name="(anonymous_5)" hits="16" signature="()V">
              <lines>
                <line number="42" hits="16"/>
              </lines>
            </method>
            <method name="(anonymous_6)" hits="11" signature="()V">
              <lines>
                <line number="51" hits="11"/>
              </lines>
            </method>
            <method name="(anonymous_7)" hits="4" signature="()V">
              <lines>
                <line number="62" hits="4"/>
              </lines>
            </method>
            <method name="(anonymous_8)" hits="0" signature="()V">
              <lines>
                <line number="67" hits="0"/>
              </lines>
            </method>
            <method name="(anonymous_9)" hits="0" signature="()V">
              <lines>
                <line number="70" hits="0"/>
              </lines>
            </method>
            <method name="(anonymous_10)" hits="0" signature="()V">
              <lines>
                <line number="73" hits="0"/>
              </lines>
            </method>
            <method name="(anonymous_11)" hits="3" signature="()V">
              <lines>
                <line number="78" hits="3"/>
              </lines>
            </method>
            <method name="(anonymous_12)" hits="0" signature="()V">
              <lines>
                <line number="85" hits="0"/>
              </lines>
            </method>
            <method name="(anonymous_13)" hits="0" signature="()V">
              <lines>
                <line number="93" hits="0"/>
              </lines>
            </method>
            <method name="(anonymous_14)" hits="0" signature="()V">
              <lines>
                <line number="106" hits="0"/>
              </lines>
            </method>
            <method name="(anonymous_15)" hits="30" signature="()V">
              <lines>
                <line number="119" hits="30"/>
              </lines>
            </method>
            <method name="(anonymous_16)" hits="0" signature="()V">
              <lines>
                <line number="131" hits="0"/>
              </lines>
            </method>
            <method name="(anonymous_17)" hits="0" signature="()V">
              <lines>
                <line number="132" hits="0"/>
              </lines>
            </method>
            <method name="(anonymous_18)" hits="0" signature="()V">
              <lines>
                <line number="155" hits="0"/>
              </lines>
            </method>
            <method name="(anonymous_19)" hits="0" signature="()V">
              <lines>
                <line number="160" hits="0"/>
              </lines>
            </method>
            <method name="(anonymous_20)" hits="0" signature="()V">
              <lines>
                <line number="179" hits="0"/>
              </lines>
            </method>
            <method name="(anonymous_21)" hits="0" signature="()V">
              <lines>
                <line number="188" hits="0"/>
              </lines>
            </method>
            <method name="(anonymous_22)" hits="1" signature="()V">
              <lines>
                <line number="206" hits="1"/>
              </lines>
            </method>
            <method name="(anonymous_23)" hits="1" signature="()V">
              <lines>
                <line number="206" hits="1"/>
              </lines>
            </method>
            <method name="(anonymous_24)" hits="4" signature="()V">
              <lines>
                <line number="245" hits="4"/>
              </lines>
            </method>
            <method name="(anonymous_25)" hits="0" signature="()V">
              <lines>
                <line number="269" hits="0"/>
              </lines>
            </method>
            <method name="(anonymous_26)" hits="0" signature="()V">
              <lines>
                <line number="273" hits="0"/>
              </lines>
            </method>
            <method name="(anonymous_27)" hits="0" signature="()V">
              <lines>
                <line number="278" hits="0"/>
              </lines>
            </method>
            <method name="(anonymous_28)" hits="0" signature="()V">
              <lines>
                <line number="289" hits="0"/>
              </lines>
            </method>
            <method name="(anonymous_29)" hits="0" signature="()V">
              <lines>
                <line number="289" hits="0"/>
              </lines>
            </method>
            <method name="(anonymous_30)" hits="0" signature="()V">
              <lines>
                <line number="300" hits="0"/>
              </lines>
            </method>
            <method name="(anonymous_31)" hits="0" signature="()V">
              <lines>
                <line number="306" hits="0"/>
              </lines>
            </method>
            <method name="(anonymous_32)" hits="0" signature="()V">
              <lines>
                <line number="315" hits="0"/>
              </lines>
            </method>
            <method name="(anonymous_33)" hits="0" signature="()V">
              <lines>
                <line number="328" hits="0"/>
              </lines>
            </method>
            <method name="(anonymous_34)" hits="0" signature="()V">
              <lines>
                <line number="336" hits="0"/>
              </lines>
            </method>
            <method name="(anonymous_35)" hits="0" signature="()V">
              <lines>
                <line number="355" hits="0"/>
              </lines>
            </method>
            <method name="(anonymous_36)" hits="0" signature="()V">
              <lines>
                <line number="355" hits="0"/>
              </lines>
            </method>
            <method name="(anonymous_37)" hits="0" signature="()V">
              <lines>
                <line number="381" hits="0"/>
              </lines>
            </method>
            <method name="(anonymous_38)" hits="0" signature="()V">
              <lines>
                <line number="402" hits="0"/>
              </lines>
            </method>
            <method name="(anonymous_39)" hits="0" signature="()V">
              <lines>
                <line number="409" hits="0"/>
              </lines>
            </method>
          </methods>
          <lines>
            <line number="27" hits="1" branch="false"/>
            <line number="37" hits="5" branch="false"/>
            <line number="38" hits="5" branch="false"/>
            <line number="39" hits="5" branch="false"/>
            <line number="40" hits="5" branch="false"/>
            <line number="41" hits="16" branch="false"/>
            <line number="42" hits="16" branch="false"/>
            <line number="43" hits="5" branch="false"/>
            <line number="44" hits="5" branch="false"/>
            <line number="46" hits="5" branch="false"/>
            <line number="47" hits="5" branch="false"/>
            <line number="48" hits="5" branch="false"/>
            <line number="49" hits="5" branch="false"/>
            <line number="50" hits="5" branch="false"/>
            <line number="51" hits="11" branch="false"/>
            <line number="55" hits="5" branch="false"/>
            <line number="62" hits="5" branch="false"/>
            <line number="63" hits="4" branch="true" condition-coverage="75% (3/4)"/>
            <line number="64" hits="0" branch="false"/>
            <line number="65" hits="0" branch="false"/>
            <line number="68" hits="0" branch="true" condition-coverage="0% (0/2)"/>
            <line number="71" hits="0" branch="true" condition-coverage="0% (0/2)"/>
            <line number="73" hits="0" branch="false"/>
            <line number="74" hits="0" branch="false"/>
            <line number="78" hits="5" branch="false"/>
            <line number="79" hits="3" branch="true" condition-coverage="50% (2/4)"/>
            <line number="80" hits="0" branch="false"/>
            <line number="81" hits="0" branch="false"/>
            <line number="82" hits="0" branch="false"/>
            <line number="85" hits="5" branch="false"/>
            <line number="86" hits="0" branch="false"/>
            <line number="93" hits="5" branch="false"/>
            <line number="94" hits="0" branch="false"/>
            <line number="101" hits="5" branch="false"/>
            <line number="106" hits="0" branch="false"/>
            <line number="120" hits="30" branch="false"/>
            <line number="131" hits="0" branch="false"/>
            <line number="132" hits="0" branch="false"/>
            <line number="156" hits="0" branch="false"/>
            <line number="160" hits="0" branch="false"/>
            <line number="179" hits="0" branch="false"/>
            <line number="188" hits="0" branch="false"/>
            <line number="206" hits="1" branch="false"/>
            <line number="246" hits="4" branch="false"/>
            <line number="269" hits="0" branch="false"/>
            <line number="273" hits="0" branch="false"/>
            <line number="278" hits="0" branch="false"/>
            <line number="289" hits="0" branch="false"/>
            <line number="301" hits="0" branch="false"/>
            <line number="306" hits="0" branch="false"/>
            <line number="315" hits="0" branch="false"/>
            <line number="328" hits="0" branch="false"/>
            <line number="337" hits="0" branch="false"/>
            <line number="338" hits="0" branch="false"/>
            <line number="355" hits="0" branch="false"/>
            <line number="382" hits="0" branch="false"/>
            <line number="402" hits="0" branch="false"/>
            <line number="410" hits="0" branch="false"/>
            <line number="411" hits="0" branch="false"/>
          </lines>
        </class>
      </classes>
    </package>
    <package name="components.NegotiationPanel" line-rate="0.8" branch-rate="0.6511">
      <classes>
        <class name="NegotiationPanel.tsx" filename="src/components/NegotiationPanel/NegotiationPanel.tsx" line-rate="0.8" branch-rate="0.6511">
          <methods>
            <method name="NegotiationPanel" hits="33" signature="()V">
              <lines>
                <line number="55" hits="33"/>
              </lines>
            </method>
            <method name="(anonymous_1)" hits="12" signature="()V">
              <lines>
                <line number="94" hits="12"/>
              </lines>
            </method>
            <method name="(anonymous_2)" hits="1" signature="()V">
              <lines>
                <line number="101" hits="1"/>
              </lines>
            </method>
            <method name="(anonymous_3)" hits="1" signature="()V">
              <lines>
                <line number="108" hits="1"/>
              </lines>
            </method>
            <method name="(anonymous_4)" hits="0" signature="()V">
              <lines>
                <line number="117" hits="0"/>
              </lines>
            </method>
            <method name="(anonymous_5)" hits="1" signature="()V">
              <lines>
                <line number="153" hits="1"/>
              </lines>
            </method>
            <method name="(anonymous_6)" hits="33" signature="()V">
              <lines>
                <line number="183" hits="33"/>
              </lines>
            </method>
            <method name="(anonymous_7)" hits="1" signature="()V">
              <lines>
                <line number="187" hits="1"/>
              </lines>
            </method>
            <method name="(anonymous_8)" hits="0" signature="()V">
              <lines>
                <line number="227" hits="0"/>
              </lines>
            </method>
            <method name="(anonymous_9)" hits="0" signature="()V">
              <lines>
                <line number="227" hits="0"/>
              </lines>
            </method>
            <method name="(anonymous_10)" hits="1" signature="()V">
              <lines>
                <line number="232" hits="1"/>
              </lines>
            </method>
            <method name="(anonymous_11)" hits="99" signature="()V">
              <lines>
                <line number="246" hits="99"/>
              </lines>
            </method>
            <method name="(anonymous_12)" hits="0" signature="()V">
              <lines>
                <line number="250" hits="0"/>
              </lines>
            </method>
            <method name="(anonymous_13)" hits="0" signature="()V">
              <lines>
                <line number="260" hits="0"/>
              </lines>
            </method>
            <method name="(anonymous_14)" hits="2" signature="()V">
              <lines>
                <line number="289" hits="2"/>
              </lines>
            </method>
            <method name="(anonymous_15)" hits="0" signature="()V">
              <lines>
                <line number="319" hits="0"/>
              </lines>
            </method>
            <method name="(anonymous_16)" hits="0" signature="()V">
              <lines>
                <line number="323" hits="0"/>
              </lines>
            </method>
            <method name="(anonymous_17)" hits="1" signature="()V">
              <lines>
                <line number="335" hits="1"/>
              </lines>
            </method>
            <method name="(anonymous_18)" hits="19" signature="()V">
              <lines>
                <line number="342" hits="19"/>
              </lines>
            </method>
            <method name="NegotiationSummary" hits="33" signature="()V">
              <lines>
                <line number="369" hits="33"/>
              </lines>
            </method>
            <method name="(anonymous_20)" hits="33" signature="()V">
              <lines>
                <line number="394" hits="33"/>
              </lines>
            </method>
            <method name="(anonymous_21)" hits="33" signature="()V">
              <lines>
                <line number="475" hits="33"/>
              </lines>
            </method>
            <method name="(anonymous_22)" hits="1" signature="()V">
              <lines>
                <line number="504" hits="1"/>
              </lines>
            </method>
            <method name="(anonymous_23)" hits="1" signature="()V">
              <lines>
                <line number="515" hits="1"/>
              </lines>
            </method>
            <method name="(anonymous_24)" hits="1" signature="()V">
              <lines>
                <line number="526" hits="1"/>
              </lines>
            </method>
            <method name="(anonymous_25)" hits="0" signature="()V">
              <lines>
                <line number="550" hits="0"/>
              </lines>
            </method>
            <method name="ProposalRow" hits="2" signature="()V">
              <lines>
                <line number="572" hits="2"/>
              </lines>
            </method>
            <method name="(anonymous_27)" hits="0" signature="()V">
              <lines>
                <line number="613" hits="0"/>
              </lines>
            </method>
            <method name="(anonymous_28)" hits="1" signature="()V">
              <lines>
                <line number="621" hits="1"/>
              </lines>
            </method>
          </methods>
          <lines>
            <line number="10" hits="1" branch="false"/>
            <line number="16" hits="1" branch="false"/>
            <line number="25" hits="1" branch="false"/>
            <line number="37" hits="1" branch="false"/>
            <line number="87" hits="33" branch="false"/>
            <line number="89" hits="33" branch="false"/>
            <line number="90" hits="33" branch="false"/>
            <line number="91" hits="33" branch="false"/>
            <line number="92" hits="33" branch="false"/>
            <line number="94" hits="33" branch="false"/>
            <line number="95" hits="12" branch="false"/>
            <line number="101" hits="33" branch="false"/>
            <line number="102" hits="1" branch="true" condition-coverage="80% (4/5)"/>
            <line number="103" hits="1" branch="false"/>
            <line number="104" hits="1" branch="false"/>
            <line number="105" hits="1" branch="false"/>
            <line number="108" hits="33" branch="false"/>
            <line number="109" hits="1" branch="false"/>
            <line number="110" hits="1" branch="false"/>
            <line number="111" hits="1" branch="false"/>
            <line number="113" hits="0" branch="false"/>
            <line number="117" hits="33" branch="false"/>
            <line number="118" hits="0" branch="false"/>
            <line number="119" hits="0" branch="false"/>
            <line number="120" hits="0" branch="false"/>
            <line number="122" hits="0" branch="false"/>
            <line number="126" hits="33" branch="true" condition-coverage="100% (3/3)"/>
            <line number="127" hits="33" branch="true" condition-coverage="100% (2/2)"/>
            <line number="128" hits="33" branch="false"/>
            <line number="129" hits="33" branch="false"/>
            <line number="131" hits="33" branch="false"/>
            <line number="153" hits="1" branch="false"/>
            <line number="184" hits="33" branch="false"/>
            <line number="187" hits="1" branch="false"/>
            <line number="227" hits="0" branch="false"/>
            <line number="233" hits="1" branch="false"/>
            <line number="247" hits="99" branch="false"/>
            <line number="250" hits="0" branch="false"/>
            <line number="261" hits="0" branch="false"/>
            <line number="290" hits="2" branch="false"/>
            <line number="320" hits="0" branch="false"/>
            <line number="323" hits="0" branch="false"/>
            <line number="336" hits="1" branch="false"/>
            <line number="337" hits="1" branch="false"/>
            <line number="342" hits="19" branch="false"/>
            <line number="390" hits="33" branch="false"/>
            <line number="392" hits="33" branch="true" condition-coverage="25% (1/4)"/>
            <line number="394" hits="33" branch="true" condition-coverage="100% (2/2)"/>
            <line number="396" hits="33" branch="false"/>
            <line number="398" hits="33" branch="false"/>
            <line number="476" hits="33" branch="false"/>
            <line number="504" hits="1" branch="false"/>
            <line number="515" hits="1" branch="false"/>
            <line number="526" hits="1" branch="false"/>
            <line number="551" hits="0" branch="false"/>
            <line number="581" hits="2" branch="false"/>
            <line number="582" hits="2" branch="false"/>
[...]
            <line number="327" hits="0" branch="false"/>
            <line number="364" hits="0" branch="false"/>
            <line number="378" hits="0" branch="false"/>
            <line number="382" hits="0" branch="false"/>
            <line number="387" hits="5" branch="false"/>
            <line number="388" hits="0" branch="false"/>
          </lines>
        </class>
        <class name="roommateService.ts" filename="src/services/roommateService.ts" line-rate="0.8636" branch-rate="1">
          <methods>
            <method name="mapProfile" hits="6" signature="()V">
              <lines>
                <line number="59" hits="6"/>
              </lines>
            </method>
            <method name="mapMatch" hits="3" signature="()V">
              <lines>
                <line number="78" hits="3"/>
              </lines>
            </method>
            <method name="mapRequest" hits="3" signature="()V">
              <lines>
                <line number="83" hits="3"/>
              </lines>
            </method>
            <method name="getMyProfile" hits="2" signature="()V">
              <lines>
                <line number="99" hits="2"/>
              </lines>
            </method>
            <method name="saveMyProfile" hits="1" signature="()V">
              <lines>
                <line number="113" hits="1"/>
              </lines>
            </method>
            <method name="getMatches" hits="1" signature="()V">
              <lines>
                <line number="131" hits="1"/>
              </lines>
            </method>
            <method name="getMyRequests" hits="0" signature="()V">
              <lines>
                <line number="137" hits="0"/>
              </lines>
            </method>
            <method name="sendRequest" hits="1" signature="()V">
              <lines>
                <line number="143" hits="1"/>
              </lines>
            </method>
            <method name="respondToRequest" hits="1" signature="()V">
              <lines>
                <line number="152" hits="1"/>
              </lines>
            </method>
          </methods>
          <lines>
            <line number="60" hits="6" branch="false"/>
            <line number="79" hits="3" branch="false"/>
            <line number="80" hits="3" branch="false"/>
            <line number="84" hits="3" branch="false"/>
            <line number="97" hits="1" branch="false"/>
            <line number="100" hits="2" branch="false"/>
            <line number="101" hits="2" branch="false"/>
            <line number="102" hits="0" branch="false"/>
            <line number="105" hits="2" branch="true" condition-coverage="100% (2/2)"/>
            <line number="106" hits="1" branch="false"/>
            <line number="108" hits="1" branch="false"/>
            <line number="114" hits="1" branch="false"/>
            <line number="126" hits="1" branch="false"/>
            <line number="127" hits="1" branch="false"/>
            <line number="132" hits="1" branch="false"/>
            <line number="133" hits="1" branch="false"/>
            <line number="138" hits="0" branch="false"/>
            <line number="139" hits="0" branch="false"/>
            <line number="144" hits="1" branch="false"/>
            <line number="148" hits="1" branch="false"/>
            <line number="156" hits="1" branch="false"/>
            <line number="159" hits="1" branch="false"/>
          </lines>
        </class>
        <class name="subscriptionService.ts" filename="src/services/subscriptionService.ts" line-rate="0.8571" branch-rate="0.5">
          <methods>
            <method name="mapPlan" hits="3" signature="()V">
              <lines>
                <line number="29" hits="3"/>
              </lines>
            </method>
            <method name="mapSubscription" hits="2" signature="()V">
              <lines>
                <line number="41" hits="2"/>
              </lines>
            </method>
            <method name="getPlans" hits="1" signature="()V">
              <lines>
                <line number="57" hits="1"/>
              </lines>
            </method>
            <method name="getMySubscription" hits="1" signature="()V">
              <lines>
                <line number="63" hits="1"/>
              </lines>
            </method>
            <method name="checkout" hits="1" signature="()V">
              <lines>
                <line number="78" hits="1"/>
              </lines>
            </method>
            <method name="cancel" hits="1" signature="()V">
              <lines>
                <line number="93" hits="1"/>
              </lines>
            </method>
            <method name="renew" hits="0" signature="()V">
              <lines>
                <line number="102" hits="0"/>
              </lines>
            </method>
          </methods>
          <lines>
            <line number="30" hits="3" branch="false"/>
            <line number="42" hits="2" branch="true" condition-coverage="100% (2/2)"/>
            <line number="43" hits="1" branch="false"/>
            <line number="55" hits="1" branch="false"/>
            <line number="58" hits="1" branch="false"/>
            <line number="59" hits="1" branch="false"/>
            <line number="64" hits="1" branch="false"/>
            <line number="69" hits="1" branch="false"/>
            <line number="79" hits="1" branch="false"/>
            <line number="85" hits="1" branch="false"/>
            <line number="94" hits="1" branch="false"/>
            <line number="98" hits="1" branch="false"/>
            <line number="106" hits="0" branch="false"/>
            <line number="112" hits="0" branch="false"/>
          </lines>
        </class>
        <class name="tier4Service.ts" filename="src/services/tier4Service.ts" line-rate="0.0666" branch-rate="0">
          <methods>
            <method name="compare" hits="0" signature="()V">
              <lines>
                <line number="104" hits="0"/>
              </lines>
            </method>
            <method name="advisor" hits="0" signature="()V">
              <lines>
                <line number="112" hits="0"/>
              </lines>
            </method>
            <method name="negotiate" hits="0" signature="()V">
              <lines>
                <line number="123" hits="0"/>
              </lines>
            </method>
            <method name="agreementCheck" hits="0" signature="()V">
              <lines>
                <line number="134" hits="0"/>
              </lines>
            </method>
            <method name="landlordInsight" hits="0" signature="()V">
              <lines>
                <line number="142" hits="0"/>
              </lines>
            </method>
            <method name="forecast" hits="0" signature="()V">
              <lines>
                <line number="150" hits="0"/>
              </lines>
            </method>
            <method name="smartAlerts" hits="0" signature="()V">
              <lines>
                <line number="158" hits="0"/>
              </lines>
            </method>
          </methods>
          <lines>
            <line number="102" hits="1" branch="false"/>
            <line number="105" hits="0" branch="false"/>
            <line number="108" hits="0" branch="false"/>
            <line number="118" hits="0" branch="false"/>
            <line number="119" hits="0" branch="false"/>
            <line number="129" hits="0" branch="false"/>
            <line number="130" hits="0" branch="false"/>
            <line number="135" hits="0" branch="false"/>
            <line number="138" hits="0" branch="false"/>
            <line number="143" hits="0" branch="false"/>
            <line number="146" hits="0" branch="false"/>
            <line number="151" hits="0" branch="false"/>
            <line number="154" hits="0" branch="false"/>
            <line number="159" hits="0" branch="false"/>
            <line number="160" hits="0" branch="false"/>
          </lines>
        </class>
        <class name="tier5Service.ts" filename="src/services/tier5Service.ts" line-rate="1" branch-rate="1">
          <methods>
            <method name="priceRecommendation" hits="1" signature="()V">
              <lines>
                <line number="55" hits="1"/>
              </lines>
            </method>
            <method name="generateDescription" hits="1" signature="()V">
              <lines>
                <line number="61" hits="1"/>
              </lines>
            </method>
          </methods>
          <lines>
            <line number="53" hits="1" branch="false"/>
            <line number="56" hits="1" branch="false"/>
            <line number="57" hits="1" branch="false"/>
            <line number="62" hits="1" branch="false"/>
            <line number="63" hits="1" branch="false"/>
          </lines>
        </class>
        <class name="visionService.ts" filename="src/services/visionService.ts" line-rate="1" branch-rate="1">
          <methods>
            <method name="analyzeRoom" hits="1" signature="()V">
              <lines>
                <line number="57" hits="1"/>
              </lines>
            </method>
            <method name="getVision" hits="1" signature="()V">
              <lines>
                <line number="63" hits="1"/>
              </lines>
            </method>
            <method name="getVisionDescription" hits="1" signature="()V">
              <lines>
                <line number="69" hits="1"/>
              </lines>
            </method>
            <method name="searchByImage" hits="2" signature="()V">
              <lines>
                <line number="75" hits="2"/>
              </lines>
            </method>
            <method name="(anonymous_4)" hits="1" signature="()V">
              <lines>
                <line number="85" hits="1"/>
              </lines>
            </method>
          </methods>
          <lines>
            <line number="58" hits="1" branch="false"/>
            <line number="59" hits="1" branch="false"/>
            <line number="64" hits="1" branch="false"/>
            <line number="65" hits="1" branch="false"/>
            <line number="70" hits="1" branch="false"/>
            <line number="71" hits="1" branch="false"/>
            <line number="76" hits="2" branch="false"/>
            <line number="77" hits="2" branch="false"/>
            <line number="78" hits="2" branch="false"/>
            <line number="84" hits="2" branch="false"/>
            <line number="85" hits="1" branch="false"/>
            <line number="94" hits="1" branch="false"/>
          </lines>
        </class>
        <class name="wishlistService.ts" filename="src/services/wishlistService.ts" line-rate="0.11109999999999999" branch-rate="1">
          <methods>
            <method name="getWishlist" hits="0" signature="()V">
              <lines>
                <line number="22" hits="0"/>
              </lines>
            </method>
            <method name="(anonymous_1)" hits="0" signature="()V">
              <lines>
                <line number="24" hits="0"/>
              </lines>
            </method>
            <method name="getWishlistIds" hits="0" signature="()V">
              <lines>
                <line number="28" hits="0"/>
              </lines>
            </method>
            <method name="(anonymous_3)" hits="0" signature="()V">
              <lines>
                <line number="30" hits="0"/>
              </lines>
            </method>
            <method name="toggleWishlist" hits="0" signature="()V">
              <lines>
                <line number="34" hits="0"/>
              </lines>
            </method>
            <method name="getShareInfo" hits="0" signature="()V">
              <lines>
                <line number="42" hits="0"/>
              </lines>
            </method>
          </methods>
          <lines>
            <line number="20" hits="1" branch="false"/>
            <line number="23" hits="0" branch="false"/>
            <line number="24" hits="0" branch="false"/>
            <line number="29" hits="0" branch="false"/>
            <line number="30" hits="0" branch="false"/>
            <line number="35" hits="0" branch="false"/>
            <line number="38" hits="0" branch="false"/>
            <line number="43" hits="0" branch="false"/>
            <line number="44" hits="0" branch="false"/>
          </lines>
        </class>
      </classes>
    </package>
    <package name="stores" line-rate="0.26530000000000004" branch-rate="0.0555">
      <classes>
        <class name="notificationStore.ts" filename="src/stores/notificationStore.ts" line-rate="0.40740000000000004" branch-rate="0.1666">
          <methods>
            <method name="(anonymous_0)" hits="2" signature="()V">
              <lines>
                <line number="26" hits="2"/>
              </lines>
            </method>
            <method name="(anonymous_1)" hits="2" signature="()V">
              <lines>
                <line number="26" hits="2"/>
              </lines>
            </method>
            <method name="(anonymous_2)" hits="2" signature="()V">
              <lines>
                <line number="28" hits="2"/>
              </lines>
            </method>
            <method name="(anonymous_3)" hits="0" signature="()V">
              <lines>
                <line number="33" hits="0"/>
              </lines>
            </method>
            <method name="(anonymous_4)" hits="2" signature="()V">
              <lines>
                <line number="49" hits="2"/>
              </lines>
            </method>
            <method name="(anonymous_5)" hits="0" signature="()V">
              <lines>
                <line number="51" hits="0"/>
              </lines>
            </method>
            <method name="(anonymous_6)" hits="2" signature="()V">
              <lines>
                <line number="56" hits="2"/>
              </lines>
            </method>
            <method name="(anonymous_7)" hits="3" signature="()V">
              <lines>
                <line number="60" hits="3"/>
              </lines>
            </method>
            <method name="(anonymous_8)" hits="0" signature="()V">
              <lines>
                <line number="70" hits="0"/>
              </lines>
            </method>
            <method name="(anonymous_9)" hits="0" signature="()V">
              <lines>
                <line number="72" hits="0"/>
              </lines>
            </method>
            <method name="(anonymous_10)" hits="0" signature="()V">
              <lines>
                <line number="81" hits="0"/>
              </lines>
            </method>
          </methods>
          <lines>
            <line number="26" hits="2" branch="false"/>
            <line number="28" hits="2" branch="false"/>
            <line number="34" hits="0" branch="true" condition-coverage="0% (0/2)"/>
            <line number="35" hits="0" branch="false"/>
            <line number="36" hits="0" branch="false"/>
            <line number="38" hits="0" branch="false"/>
            <line number="39" hits="0" branch="false"/>
            <line number="40" hits="0" branch="false"/>
            <line number="41" hits="0" branch="false"/>
            <line number="45" hits="0" branch="false"/>
            <line number="50" hits="2" branch="false"/>
            <line number="51" hits="2" branch="true" condition-coverage="50% (1/2)"/>
            <line number="52" hits="2" branch="false"/>
            <line number="53" hits="2" branch="false"/>
            <line number="57" hits="2" branch="false"/>
            <line number="59" hits="2" branch="false"/>
            <line number="60" hits="3" branch="false"/>
            <line number="63" hits="2" branch="false"/>
            <line number="64" hits="2" branch="false"/>
            <line number="66" hits="0" branch="false"/>
            <line number="71" hits="0" branch="false"/>
            <line number="72" hits="0" branch="true" condition-coverage="0% (0/2)"/>
            <line number="73" hits="0" branch="false"/>
            <line number="74" hits="0" branch="false"/>
            <line number="75" hits="0" branch="false"/>
            <line number="77" hits="0" branch="false"/>
            <line number="81" hits="0" branch="false"/>
          </lines>
        </class>
        <class name="wishlistStore.ts" filename="src/stores/wishlistStore.ts" line-rate="0.0909" branch-rate="0">
          <methods>
            <method name="(anonymous_0)" hits="1" signature="()V">
              <lines>
                <line number="28" hits="1"/>
              </lines>
            </method>
            <method name="(anonymous_1)" hits="0" signature="()V">
              <lines>
                <line number="32" hits="0"/>
              </lines>
            </method>
            <method name="(anonymous_2)" hits="0" signature="()V">
              <lines>
                <line number="34" hits="0"/>
              </lines>
            </method>
            <method name="(anonymous_3)" hits="0" signature="()V">
              <lines>
                <line number="38" hits="0"/>
              </lines>
            </method>
            <method name="(anonymous_4)" hits="0" signature="()V">
              <lines>
                <line number="40" hits="0"/>
              </lines>
            </method>
            <method name="(anonymous_5)" hits="0" signature="()V">
              <lines>
                <line number="56" hits="0"/>
              </lines>
            </method>
            <method name="(anonymous_6)" hits="0" signature="()V">
              <lines>
                <line number="59" hits="0"/>
              </lines>
            </method>
            <method name="(anonymous_7)" hits="0" signature="()V">
              <lines>
                <line number="65" hits="0"/>
              </lines>
            </method>
            <method name="(anonymous_8)" hits="0" signature="()V">
              <lines>
                <line number="75" hits="0"/>
              </lines>
            </method>
            <method name="(anonymous_9)" hits="0" signature="()V">
              <lines>
                <line number="76" hits="0"/>
              </lines>
            </method>
            <method name="(anonymous_10)" hits="0" signature="()V">
              <lines>
                <line number="80" hits="0"/>
              </lines>
            </method>
          </methods>
          <lines>
            <line number="27" hits="1" branch="false"/>
            <line number="29" hits="1" branch="false"/>
            <line number="32" hits="0" branch="false"/>
            <line number="35" hits="0" branch="false"/>
            <line number="38" hits="0" branch="false"/>
            <line number="40" hits="0" branch="false"/>
            <line number="44" hits="0" branch="true" condition-coverage="0% (0/2)"/>
            <line number="46" hits="0" branch="false"/>
            <line number="47" hits="0" branch="false"/>
            <line number="51" hits="0" branch="true" condition-coverage="0% (0/4)"/>
            <line number="52" hits="0" branch="false"/>
            <line number="53" hits="0" branch="false"/>
            <line number="56" hits="0" branch="false"/>
            <line number="59" hits="0" branch="false"/>
            <line number="61" hits="0" branch="false"/>
            <line number="66" hits="0" branch="true" condition-coverage="0% (0/2)"/>
            <line number="67" hits="0" branch="false"/>
            <line number="68" hits="0" branch="false"/>
            <line number="69" hits="0" branch="false"/>
            <line number="75" hits="0" branch="false"/>
            <line number="76" hits="0" branch="false"/>
            <line number="80" hits="0" branch="false"/>
          </lines>
        </class>
      </classes>
    </package>
  </packages>
</coverage>
